# JRE version: OpenJDK Runtime Environment (8.0_202-b03) (build 1.8.0_202-release-1483-b03)
# Java VM: OpenJDK 64-Bit Server VM (25.202-b03 mixed mode windows-amd64 compressed oops)
Heap:
 PSYoungGen      total 162816K, used 29057K [0x00000000e0000000, 0x00000000eb680000, 0x0000000100000000)
  eden space 151040K, 11% used [0x00000000e0000000,0x00000000e10e28f0,0x00000000e9380000)
  from space 11776K, 99% used [0x00000000eab00000,0x00000000eb67dcc8,0x00000000eb680000)
  to   space 14336K, 0% used [0x00000000e9a80000,0x00000000e9a80000,0x00000000ea880000)
 ParOldGen       total 77824K, used 19957K [0x00000000a0000000, 0x00000000a4c00000, 0x00000000e0000000)
  object space 77824K, 25% used [0x00000000a0000000,0x00000000a137d7a0,0x00000000a4c00000)
 Metaspace       used 47597K, capacity 48766K, committed 48984K, reserved 1091584K
  class space    used 6409K, capacity 6720K, committed 6784K, reserved 1048576K
GC Heap History (10 events):
Event: 7.614 GC heap before
{Heap before GC invocations=8 (full 1):
 PSYoungGen      total 75776K, used 65536K [0x00000000e0000000, 0x00000000e5400000, 0x0000000100000000)
  eden space 65536K, 100% used [0x00000000e0000000,0x00000000e4000000,0x00000000e4000000)
  from space 10240K, 0% used [0x00000000e4a00000,0x00000000e4a00000,0x00000000e5400000)
  to   space 10240K, 0% used [0x00000000e4000000,0x00000000e4000000,0x00000000e4a00000)
 ParOldGen       total 53248K, used 8065K [0x00000000a0000000, 0x00000000a3400000, 0x00000000e0000000)
  object space 53248K, 15% used [0x00000000a0000000,0x00000000a07e04d8,0x00000000a3400000)
 Metaspace       used 28577K, capacity 28992K, committed 29440K, reserved 1075200K
  class space    used 3853K, capacity 4011K, committed 4096K, reserved 1048576K
Event: 7.625 GC heap after
Heap after GC invocations=8 (full 1):
 PSYoungGen      total 75776K, used 7724K [0x00000000e0000000, 0x00000000e8300000, 0x0000000100000000)
  eden space 65536K, 0% used [0x00000000e0000000,0x00000000e0000000,0x00000000e4000000)
  from space 10240K, 75% used [0x00000000e4000000,0x00000000e478b020,0x00000000e4a00000)
  to   space 10240K, 0% used [0x00000000e7900000,0x00000000e7900000,0x00000000e8300000)
 ParOldGen       total 53248K, used 8073K [0x00000000a0000000, 0x00000000a3400000, 0x00000000e0000000)
  object space 53248K, 15% used [0x00000000a0000000,0x00000000a07e24d8,0x00000000a3400000)
 Metaspace       used 28577K, capacity 28992K, committed 29440K, reserved 1075200K
  class space    used 3853K, capacity 4011K, committed 4096K, reserved 1048576K
}
Event: 9.073 GC heap before
{Heap before GC invocations=9 (full 1):
 PSYoungGen      total 75776K, used 73260K [0x00000000e0000000, 0x00000000e8300000, 0x0000000100000000)
  eden space 65536K, 100% used [0x00000000e0000000,0x00000000e4000000,0x00000000e4000000)
  from space 10240K, 75% used [0x00000000e4000000,0x00000000e478b020,0x00000000e4a00000)
  to   space 10240K, 0% used [0x00000000e7900000,0x00000000e7900000,0x00000000e8300000)
 ParOldGen       total 53248K, used 8073K [0x00000000a0000000, 0x00000000a3400000, 0x00000000e0000000)
  object space 53248K, 15% used [0x00000000a0000000,0x00000000a07e24d8,0x00000000a3400000)
 Metaspace       used 31936K, capacity 32440K, committed 32768K, reserved 1077248K
  class space    used 4396K, capacity 4563K, committed 4608K, reserved 1048576K
Event: 9.109 GC heap after
Heap after GC invocations=9 (full 1):
 PSYoungGen      total 123392K, used 8649K [0x00000000e0000000, 0x00000000e8480000, 0x0000000100000000)
  eden space 113152K, 0% used [0x00000000e0000000,0x00000000e0000000,0x00000000e6e80000)
  from space 10240K, 84% used [0x00000000e7900000,0x00000000e81725b8,0x00000000e8300000)
  to   space 10752K, 0% used [0x00000000e6e80000,0x00000000e6e80000,0x00000000e7900000)
 ParOldGen       total 53248K, used 8081K [0x00000000a0000000, 0x00000000a3400000, 0x00000000e0000000)
  object space 53248K, 15% used [0x00000000a0000000,0x00000000a07e44d8,0x00000000a3400000)
 Metaspace       used 31936K, capacity 32440K, committed 32768K, reserved 1077248K
  class space    used 4396K, capacity 4563K, committed 4608K, reserved 1048576K
}
Event: 12.971 GC heap before
{Heap before GC invocations=10 (full 1):
 PSYoungGen      total 123392K, used 59398K [0x00000000e0000000, 0x00000000e8480000, 0x0000000100000000)
  eden space 113152K, 44% used [0x00000000e0000000,0x00000000e318f310,0x00000000e6e80000)
  from space 10240K, 84% used [0x00000000e7900000,0x00000000e81725b8,0x00000000e8300000)
  to   space 10752K, 0% used [0x00000000e6e80000,0x00000000e6e80000,0x00000000e7900000)
 ParOldGen       total 53248K, used 8081K [0x00000000a0000000, 0x00000000a3400000, 0x00000000e0000000)
  object space 53248K, 15% used [0x00000000a0000000,0x00000000a07e44d8,0x00000000a3400000)
 Metaspace       used 34644K, capacity 35290K, committed 35416K, reserved 1079296K
  class space    used 4752K, capacity 4940K, committed 4992K, reserved 1048576K
Event: 13.046 GC heap after
Heap after GC invocations=10 (full 1):
 PSYoungGen      total 123904K, used 10038K [0x00000000e0000000, 0x00000000eb680000, 0x0000000100000000)
  eden space 113152K, 0% used [0x00000000e0000000,0x00000000e0000000,0x00000000e6e80000)
  from space 10752K, 93% used [0x00000000e6e80000,0x00000000e784da88,0x00000000e7900000)
  to   space 11776K, 0% used [0x00000000eab00000,0x00000000eab00000,0x00000000eb680000)
 ParOldGen       total 53248K, used 8089K [0x00000000a0000000, 0x00000000a3400000, 0x00000000e0000000)
  object space 53248K, 15% used [0x00000000a0000000,0x00000000a07e64d8,0x00000000a3400000)
 Metaspace       used 34644K, capacity 35290K, committed 35416K, reserved 1079296K
  class space    used 4752K, capacity 4940K, committed 4992K, reserved 1048576K
}
Event: 13.046 GC heap before
{Heap before GC invocations=11 (full 2):
 PSYoungGen      total 123904K, used 10038K [0x00000000e0000000, 0x00000000eb680000, 0x0000000100000000)
  eden space 113152K, 0% used [0x00000000e0000000,0x00000000e0000000,0x00000000e6e80000)
  from space 10752K, 93% used [0x00000000e6e80000,0x00000000e784da88,0x00000000e7900000)
  to   space 11776K, 0% used [0x00000000eab00000,0x00000000eab00000,0x00000000eb680000)
 ParOldGen       total 53248K, used 8089K [0x00000000a0000000, 0x00000000a3400000, 0x00000000e0000000)
  object space 53248K, 15% used [0x00000000a0000000,0x00000000a07e64d8,0x00000000a3400000)
 Metaspace       used 34644K, capacity 35290K, committed 35416K, reserved 1079296K
  class space    used 4752K, capacity 4940K, committed 4992K, reserved 1048576K
Event: 13.188 GC heap after
Heap after GC invocations=11 (full 2):
 PSYoungGen      total 123904K, used 0K [0x00000000e0000000, 0x00000000eb680000, 0x0000000100000000)
  eden space 113152K, 0% used [0x00000000e0000000,0x00000000e0000000,0x00000000e6e80000)
  from space 10752K, 0% used [0x00000000e6e80000,0x00000000e6e80000,0x00000000e7900000)
  to   space 11776K, 0% used [0x00000000eab00000,0x00000000eab00000,0x00000000eb680000)
 ParOldGen       total 77824K, used 16686K [0x00000000a0000000, 0x00000000a4c00000, 0x00000000e0000000)
  object space 77824K, 21% used [0x00000000a0000000,0x00000000a104ba70,0x00000000a4c00000)
 Metaspace       used 34632K, capacity 35248K, committed 35416K, reserved 1079296K
  class space    used 4748K, capacity 4933K, committed 4992K, reserved 1048576K
}
Event: 15.695 GC heap before
{Heap before GC invocations=12 (full 2):
 PSYoungGen      total 123904K, used 113152K [0x00000000e0000000, 0x00000000eb680000, 0x0000000100000000)
  eden space 113152K, 100% used [0x00000000e0000000,0x00000000e6e80000,0x00000000e6e80000)
  from space 10752K, 0% used [0x00000000e6e80000,0x00000000e6e80000,0x00000000e7900000)
  to   space 11776K, 0% used [0x00000000eab00000,0x00000000eab00000,0x00000000eb680000)
 ParOldGen       total 77824K, used 16686K [0x00000000a0000000, 0x00000000a4c00000, 0x00000000e0000000)
  object space 77824K, 21% used [0x00000000a0000000,0x00000000a104ba70,0x00000000a4c00000)
 Metaspace       used 45192K, capacity 46192K, committed 46552K, reserved 1089536K
  class space    used 6086K, capacity 6357K, committed 6400K, reserved 1048576K
Event: 15.711 GC heap after
Heap after GC invocations=12 (full 2):
 PSYoungGen      total 162816K, used 11767K [0x00000000e0000000, 0x00000000eb680000, 0x0000000100000000)
  eden space 151040K, 0% used [0x00000000e0000000,0x00000000e0000000,0x00000000e9380000)
  from space 11776K, 99% used [0x00000000eab00000,0x00000000eb67dcc8,0x00000000eb680000)
  to   space 14336K, 0% used [0x00000000e9a80000,0x00000000e9a80000,0x00000000ea880000)
 ParOldGen       total 77824K, used 19957K [0x00000000a0000000, 0x00000000a4c00000, 0x00000000e0000000)
  object space 77824K, 25% used [0x00000000a0000000,0x00000000a137d7a0,0x00000000a4c00000)
 Metaspace       used 45192K, capacity 46192K, committed 46552K, reserved 1089536K
  class space    used 6086K, capacity 6357K, committed 6400K, reserved 1048576K
}

