# JRE version: OpenJDK Runtime Environment (8.0_202-b03) (build 1.8.0_202-release-1483-b03)
# Java VM: OpenJDK 64-Bit Server VM (25.202-b03 mixed mode windows-amd64 compressed oops)
Heap:
 PSYoungGen      total 364544K, used 202491K [0x00000000e0000000, 0x00000000f8480000, 0x0000000100000000)
  eden space 339456K, 52% used [0x00000000e0000000,0x00000000ead44058,0x00000000f4b80000)
  from space 25088K, 99% used [0x00000000f6c00000,0x00000000f847abb0,0x00000000f8480000)
  to   space 29184K, 0% used [0x00000000f4b80000,0x00000000f4b80000,0x00000000f6800000)
 ParOldGen       total 141824K, used 30740K [0x00000000a0000000, 0x00000000a8a80000, 0x00000000e0000000)
  object space 141824K, 21% used [0x00000000a0000000,0x00000000a1e050d8,0x00000000a8a80000)
 Metaspace       used 77926K, capacity 81320K, committed 81496K, reserved 1120256K
  class space    used 10093K, capacity 10765K, committed 10880K, reserved 1048576K
GC Heap History (10 events):
Event: 10.052 GC heap before
{Heap before GC invocations=9 (full 2):
 PSYoungGen      total 228864K, used 212992K [0x00000000e0000000, 0x00000000eef00000, 0x0000000100000000)
  eden space 212992K, 100% used [0x00000000e0000000,0x00000000ed000000,0x00000000ed000000)
  from space 15872K, 0% used [0x00000000edf80000,0x00000000edf80000,0x00000000eef00000)
  to   space 15872K, 0% used [0x00000000ed000000,0x00000000ed000000,0x00000000edf80000)
 ParOldGen       total 95744K, used 16718K [0x00000000a0000000, 0x00000000a5d80000, 0x00000000e0000000)
  object space 95744K, 17% used [0x00000000a0000000,0x00000000a1053b78,0x00000000a5d80000)
 Metaspace       used 54246K, capacity 55666K, committed 55896K, reserved 1097728K
  class space    used 7320K, capacity 7694K, committed 7808K, reserved 1048576K
Event: 10.070 GC heap after
Heap after GC invocations=9 (full 2):
 PSYoungGen      total 228864K, used 15853K [0x00000000e0000000, 0x00000000f5880000, 0x0000000100000000)
  eden space 212992K, 0% used [0x00000000e0000000,0x00000000e0000000,0x00000000ed000000)
  from space 15872K, 99% used [0x00000000ed000000,0x00000000edf7b7e0,0x00000000edf80000)
  to   space 23552K, 0% used [0x00000000f4180000,0x00000000f4180000,0x00000000f5880000)
 ParOldGen       total 95744K, used 27199K [0x00000000a0000000, 0x00000000a5d80000, 0x00000000e0000000)
  object space 95744K, 28% used [0x00000000a0000000,0x00000000a1a8fec8,0x00000000a5d80000)
 Metaspace       used 54246K, capacity 55666K, committed 55896K, reserved 1097728K
  class space    used 7320K, capacity 7694K, committed 7808K, reserved 1048576K
}
Event: 10.629 GC heap before
{Heap before GC invocations=10 (full 2):
 PSYoungGen      total 228864K, used 69631K [0x00000000e0000000, 0x00000000f5880000, 0x0000000100000000)
  eden space 212992K, 25% used [0x00000000e0000000,0x00000000e34847e8,0x00000000ed000000)
  from space 15872K, 99% used [0x00000000ed000000,0x00000000edf7b7e0,0x00000000edf80000)
  to   space 23552K, 0% used [0x00000000f4180000,0x00000000f4180000,0x00000000f5880000)
 ParOldGen       total 95744K, used 27199K [0x00000000a0000000, 0x00000000a5d80000, 0x00000000e0000000)
  object space 95744K, 28% used [0x00000000a0000000,0x00000000a1a8fec8,0x00000000a5d80000)
 Metaspace       used 57086K, capacity 58900K, committed 59028K, reserved 1099776K
  class space    used 7807K, capacity 8227K, committed 8320K, reserved 1048576K
Event: 10.645 GC heap after
Heap after GC invocations=10 (full 2):
 PSYoungGen      total 328704K, used 15652K [0x00000000e0000000, 0x00000000f6880000, 0x0000000100000000)
  eden space 305152K, 0% used [0x00000000e0000000,0x00000000e0000000,0x00000000f2a00000)
  from space 23552K, 66% used [0x00000000f4180000,0x00000000f50c92a0,0x00000000f5880000)
  to   space 24064K, 0% used [0x00000000f2a00000,0x00000000f2a00000,0x00000000f4180000)
 ParOldGen       total 95744K, used 27207K [0x00000000a0000000, 0x00000000a5d80000, 0x00000000e0000000)
  object space 95744K, 28% used [0x00000000a0000000,0x00000000a1a91ec8,0x00000000a5d80000)
 Metaspace       used 57086K, capacity 58900K, committed 59028K, reserved 1099776K
  class space    used 7807K, capacity 8227K, committed 8320K, reserved 1048576K
}
Event: 10.646 GC heap before
{Heap before GC invocations=11 (full 3):
 PSYoungGen      total 328704K, used 15652K [0x00000000e0000000, 0x00000000f6880000, 0x0000000100000000)
  eden space 305152K, 0% used [0x00000000e0000000,0x00000000e0000000,0x00000000f2a00000)
  from space 23552K, 66% used [0x00000000f4180000,0x00000000f50c92a0,0x00000000f5880000)
  to   space 24064K, 0% used [0x00000000f2a00000,0x00000000f2a00000,0x00000000f4180000)
 ParOldGen       total 95744K, used 27207K [0x00000000a0000000, 0x00000000a5d80000, 0x00000000e0000000)
  object space 95744K, 28% used [0x00000000a0000000,0x00000000a1a91ec8,0x00000000a5d80000)
 Metaspace       used 57086K, capacity 58900K, committed 59028K, reserved 1099776K
  class space    used 7807K, capacity 8227K, committed 8320K, reserved 1048576K
Event: 10.914 GC heap after
Heap after GC invocations=11 (full 3):
 PSYoungGen      total 328704K, used 0K [0x00000000e0000000, 0x00000000f6880000, 0x0000000100000000)
  eden space 305152K, 0% used [0x00000000e0000000,0x00000000e0000000,0x00000000f2a00000)
  from space 23552K, 0% used [0x00000000f4180000,0x00000000f4180000,0x00000000f5880000)
  to   space 24064K, 0% used [0x00000000f2a00000,0x00000000f2a00000,0x00000000f4180000)
 ParOldGen       total 141824K, used 29617K [0x00000000a0000000, 0x00000000a8a80000, 0x00000000e0000000)
  object space 141824K, 20% used [0x00000000a0000000,0x00000000a1cec578,0x00000000a8a80000)
 Metaspace       used 56910K, capacity 58378K, committed 59028K, reserved 1099776K
  class space    used 7752K, capacity 8130K, committed 8320K, reserved 1048576K
}
Event: 32.092 GC heap before
{Heap before GC invocations=12 (full 3):
 PSYoungGen      total 328704K, used 305152K [0x00000000e0000000, 0x00000000f6880000, 0x0000000100000000)
  eden space 305152K, 100% used [0x00000000e0000000,0x00000000f2a00000,0x00000000f2a00000)
  from space 23552K, 0% used [0x00000000f4180000,0x00000000f4180000,0x00000000f5880000)
  to   space 24064K, 0% used [0x00000000f2a00000,0x00000000f2a00000,0x00000000f4180000)
 ParOldGen       total 141824K, used 29617K [0x00000000a0000000, 0x00000000a8a80000, 0x00000000e0000000)
  object space 141824K, 20% used [0x00000000a0000000,0x00000000a1cec578,0x00000000a8a80000)
 Metaspace       used 65956K, capacity 68124K, committed 68312K, reserved 1107968K
  class space    used 8728K, capacity 9205K, committed 9216K, reserved 1048576K
Event: 32.112 GC heap after
Heap after GC invocations=12 (full 3):
 PSYoungGen      total 329216K, used 17722K [0x00000000e0000000, 0x00000000f8480000, 0x0000000100000000)
  eden space 305152K, 0% used [0x00000000e0000000,0x00000000e0000000,0x00000000f2a00000)
  from space 24064K, 73% used [0x00000000f2a00000,0x00000000f3b4e880,0x00000000f4180000)
  to   space 25088K, 0% used [0x00000000f6c00000,0x00000000f6c00000,0x00000000f8480000)
 ParOldGen       total 141824K, used 29625K [0x00000000a0000000, 0x00000000a8a80000, 0x00000000e0000000)
  object space 141824K, 20% used [0x00000000a0000000,0x00000000a1cee578,0x00000000a8a80000)
 Metaspace       used 65956K, capacity 68124K, committed 68312K, reserved 1107968K
  class space    used 8728K, capacity 9205K, committed 9216K, reserved 1048576K
}
Event: 68.321 GC heap before
{Heap before GC invocations=13 (full 3):
 PSYoungGen      total 329216K, used 322874K [0x00000000e0000000, 0x00000000f8480000, 0x0000000100000000)
  eden space 305152K, 100% used [0x00000000e0000000,0x00000000f2a00000,0x00000000f2a00000)
  from space 24064K, 73% used [0x00000000f2a00000,0x00000000f3b4e880,0x00000000f4180000)
  to   space 25088K, 0% used [0x00000000f6c00000,0x00000000f6c00000,0x00000000f8480000)
 ParOldGen       total 141824K, used 29625K [0x00000000a0000000, 0x00000000a8a80000, 0x00000000e0000000)
  object space 141824K, 20% used [0x00000000a0000000,0x00000000a1cee578,0x00000000a8a80000)
 Metaspace       used 74070K, capacity 77326K, committed 77400K, reserved 1116160K
  class space    used 9701K, capacity 10366K, committed 10368K, reserved 1048576K
Event: 68.346 GC heap after
Heap after GC invocations=13 (full 3):
 PSYoungGen      total 364544K, used 25066K [0x00000000e0000000, 0x00000000f8480000, 0x0000000100000000)
  eden space 339456K, 0% used [0x00000000e0000000,0x00000000e0000000,0x00000000f4b80000)
  from space 25088K, 99% used [0x00000000f6c00000,0x00000000f847abb0,0x00000000f8480000)
  to   space 29184K, 0% used [0x00000000f4b80000,0x00000000f4b80000,0x00000000f6800000)
 ParOldGen       total 141824K, used 30740K [0x00000000a0000000, 0x00000000a8a80000, 0x00000000e0000000)
  object space 141824K, 21% used [0x00000000a0000000,0x00000000a1e050d8,0x00000000a8a80000)
 Metaspace       used 74070K, capacity 77326K, committed 77400K, reserved 1116160K
  class space    used 9701K, capacity 10366K, committed 10368K, reserved 1048576K
}

